build/outputs/mapping/release/seeds.txt
com.develop.touchpro.BuildConfig
com.develop.touchpro.BuildConfig: boolean DEBUG
com.develop.touchpro.BuildConfig: java.lang.String APPLICATION_ID
com.develop.touchpro.BuildConfig: java.lang.String BUILD_TYPE
com.develop.touchpro.BuildConfig: java.lang.String FLAVOR
com.develop.touchpro.BuildConfig: int VERSION_CODE
com.develop.touchpro.BuildConfig: java.lang.String VERSION_NAME
com.develop.touchpro.BuildConfig: BuildConfig()
com.develop.touchpro.Manifest
com.develop.touchpro.Manifest: Manifest()
com.develop.touchpro.Manifest$permission
com.develop.touchpro.Manifest$permission: java.lang.String FLASHLIGHT
com.develop.touchpro.Manifest$permission: Manifest$permission()
com.develop.touchpro.R
com.develop.touchpro.R: R()
com.develop.touchpro.R$anim
com.develop.touchpro.R$anim: int abc_fade_in
com.develop.touchpro.R$anim: int abc_fade_out
com.develop.touchpro.R$anim: int abc_grow_fade_in_from_bottom
com.develop.touchpro.R$anim: int abc_popup_enter
com.develop.touchpro.R$anim: int abc_popup_exit
com.develop.touchpro.R$anim: int abc_shrink_fade_out_from_bottom
com.develop.touchpro.R$anim: int abc_slide_in_bottom
com.develop.touchpro.R$anim: int abc_slide_in_top
com.develop.touchpro.R$anim: int abc_slide_out_bottom
com.develop.touchpro.R$anim: int abc_slide_out_top
com.develop.touchpro.R$anim: int blur_chathead
com.develop.touchpro.R$anim: int design_bottom_sheet_slide_in
com.develop.touchpro.R$anim: int design_bottom_sheet_slide_out
com.develop.touchpro.R$anim: int design_fab_in
com.develop.touchpro.R$anim: int design_fab_out
com.develop.touchpro.R$anim: int design_snackbar_in
com.develop.touchpro.R$anim: int design_snackbar_out
com.develop.touchpro.R$anim: int enter_activity_in
com.develop.touchpro.R$anim: int enter_activity_out
com.develop.touchpro.R$anim: int exit_activity
com.develop.touchpro.R$anim: int fade_in
com.develop.touchpro.R$anim: int notrans_activity
com.develop.touchpro.R$anim: int rote
com.develop.touchpro.R$anim: int rote_action
com.develop.touchpro.R$anim: int scale
com.develop.touchpro.R$anim: int scale_action
com.develop.touchpro.R$anim: int scale_popup_close
com.develop.touchpro.R$anim: int scale_popup_open
com.develop.touchpro.R$anim: int scale_small
com.develop.touchpro.R$animator
com.develop.touchpro.R$animator: int design_appbar_state_list_animator
com.develop.touchpro.R$animator: R$animator()
com.develop.touchpro.R$array
com.develop.touchpro.R$array: int backgoundlist
com.develop.touchpro.R$array: int items
com.develop.touchpro.R$array: R$array()
...
android.support.design.widget.VisibilityAwareImageButton
android.support.design.widget.VisibilityAwareImageButton: int mUserSetVisibility
android.support.design.widget.VisibilityAwareImageButton: VisibilityAwareImageButton(android.content.Context)
android.support.design.widget.VisibilityAwareImageButton: VisibilityAwareImageButton(android.content.Context,android.util.AttributeSet)
android.support.design.widget.VisibilityAwareImageButton: VisibilityAwareImageButton(android.content.Context,android.util.AttributeSet,int)
android.support.design.widget.VisibilityAwareImageButton: void setVisibility(int)
android.support.design.widget.VisibilityAwareImageButton: int getUserSetVisibility()
android.support.fragment.BuildConfig
android.support.fragment.BuildConfig: boolean DEBUG
android.support.fragment.BuildConfig: java.lang.String APPLICATION_ID
android.support.fragment.BuildConfig: java.lang.String BUILD_TYPE
android.support.fragment.BuildConfig: java.lang.String FLAVOR
android.support.fragment.BuildConfig: int VERSION_CODE
android.support.fragment.BuildConfig: java.lang.String VERSION_NAME
android.support.fragment.BuildConfig: BuildConfig()
android.support.fragment.R
android.support.fragment.R: R()
android.support.graphics.drawable.AndroidResources
android.support.graphics.drawable.Animatable2Compat
android.support.graphics.drawable.Animatable2Compat: void registerAnimationCallback(android.support.graphics.drawable.Animatable2Compat$AnimationCallback)
android.support.graphics.drawable.Animatable2Compat: boolean unregisterAnimationCallback(android.support.graphics.drawable.Animatable2Compat$AnimationCallback)
android.support.graphics.drawable.Animatable2Compat: void clearAnimationCallbacks()
android.support.graphics.drawable.Animatable2Compat$AnimationCallback
android.support.graphics.drawable.Animatable2Compat$AnimationCallback: Animatable2Compat$AnimationCallback()
android.support.graphics.drawable.Animatable2Compat$AnimationCallback: void onAnimationStart(android.graphics.drawable.Drawable)
android.support.graphics.drawable.Animatable2Compat$AnimationCallback: void onAnimationEnd(android.graphics.drawable.Drawable)
android.support.graphics.drawable.Animatable2Compat$AnimationCallback$1
android.support.graphics.drawable.Animatable2Compat$AnimationCallback$1: void onAnimationStart(android.graphics.drawable.Drawable)
android.support.graphics.drawable.Animatable2Compat$AnimationCallback$1: void onAnimationEnd(android.graphics.drawable.Drawable)
android.support.graphics.drawable.AnimatedVectorDrawableCompat
android.support.graphics.drawable.AnimatedVectorDrawableCompat: java.lang.String LOGTAG
android.support.graphics.drawable.AnimatedVectorDrawableCompat: java.lang.String ANIMATED_VECTOR
android.support.graphics.drawable.AnimatedVectorDrawableCompat: java.lang.String TARGET
android.support.graphics.drawable.AnimatedVectorDrawableCompat: boolean DBG_ANIMATION_VECTOR_DRAWABLE
android.support.graphics.drawable.AnimatedVectorDrawableCompat: android.support.graphics.drawable.AnimatedVectorDrawableCompat$AnimatedVectorDrawableCompatState mAnimatedVectorState
android.support.graphics.drawable.AnimatedVectorDrawableCompat: android.content.Context mContext
android.support.graphics.drawable.AnimatedVectorDrawableCompat: android.animation.ArgbEvaluator mArgbEvaluator
android.support.graphics.drawable.AnimatedVectorDrawableCompat: android.animation.Animator$AnimatorListener mAnimatorListener
android.support.graphics.drawable.AnimatedVectorDrawableCompat: java.util.ArrayList mAnimationCallbacks
android.support.graphics.drawable.AnimatedVectorDrawableCompat: AnimatedVectorDrawableCompat(android.content.Context)
android.support.graphics.drawable.AnimatedVectorDrawableCompat: AnimatedVectorDrawableCompat(android.content.Context,android.support.graphics.drawable.AnimatedVectorDrawableCompat$AnimatedVectorDrawableCompatState,android.content.res.Resources)