build/outputs/mapping/release/mapping.txt
com.develop.touchpro.BuildConfig -> com.develop.touchpro.BuildConfig:
    boolean DEBUG -> DEBUG
    java.lang.String APPLICATION_ID -> APPLICATION_ID
    java.lang.String BUILD_TYPE -> BUILD_TYPE
    java.lang.String FLAVOR -> FLAVOR
    int VERSION_CODE -> VERSION_CODE
    java.lang.String VERSION_NAME -> VERSION_NAME
    void <init>() -> <init>
com.develop.touchpro.Manifest -> com.develop.touchpro.Manifest:
    void <init>() -> <init>
com.develop.touchpro.Manifest$permission -> com.develop.touchpro.Manifest$permission:
    java.lang.String FLASHLIGHT -> FLASHLIGHT
    void <init>() -> <init>
com.develop.touchpro.R -> com.develop.touchpro.R:
    void <init>() -> <init>
com.develop.touchpro.R$anim -> com.develop.touchpro.R$anim:
    int abc_fade_in -> abc_fade_in
    int abc_fade_out -> abc_fade_out
    int abc_grow_fade_in_from_bottom -> abc_grow_fade_in_from_bottom
    int abc_popup_enter -> abc_popup_enter
    int abc_popup_exit -> abc_popup_exit
    int abc_shrink_fade_out_from_bottom -> abc_shrink_fade_out_from_bottom
    int abc_slide_in_bottom -> abc_slide_in_bottom
    int abc_slide_in_top -> abc_slide_in_top
    int abc_slide_out_bottom -> abc_slide_out_bottom
    int abc_slide_out_top -> abc_slide_out_top
    int blur_chathead -> blur_chathead
    int design_bottom_sheet_slide_in -> design_bottom_sheet_slide_in
    int design_bottom_sheet_slide_out -> design_bottom_sheet_slide_out
    int design_fab_in -> design_fab_in
    int design_fab_out -> design_fab_out
    int design_snackbar_in -> design_snackbar_in
    int design_snackbar_out -> design_snackbar_out
    int enter_activity_in -> enter_activity_in
    int enter_activity_out -> enter_activity_out
    int exit_activity -> exit_activity
    int fade_in -> fade_in
    int notrans_activity -> notrans_activity
    int rote -> rote
    int rote_action -> rote_action
    int scale -> scale
    int scale_action -> scale_action
    int scale_popup_close -> scale_popup_close
    int scale_popup_open -> scale_popup_open
    int scale_small -> scale_small
    int slide_in -> slide_in
    int slide_out -> slide_out
    void <init>() -> <init>
com.develop.touchpro.R$animator -> com.develop.touchpro.R$animator:
    int design_appbar_state_list_animator -> design_appbar_state_list_animator
    void <init>() -> <init>
com.develop.touchpro.R$array -> com.develop.touchpro.R$array:
    int backgoundlist -> backgoundlist
    int items -> items
    void <init>() -> <init>
com.develop.touchpro.R$attr -> com.develop.touchpro.R$attr:
    int actionBarDivider -> actionBarDivider
    int actionBarItemBackground -> actionBarItemBackground
    int actionBarPopupTheme -> actionBarPopupTheme
    int actionBarSize -> actionBarSize
    int actionBarSplitStyle -> actionBarSplitStyle
    int actionBarStyle -> actionBarStyle
    int actionBarTabBarStyle -> actionBarTabBarStyle
    int actionBarTabStyle -> actionBarTabStyle
    int actionBarTabTextStyle -> actionBarTabTextStyle
    int actionBarTheme -> actionBarTheme
    int actionBarWidgetTheme -> actionBarWidgetTheme
    int actionButtonStyle -> actionButtonStyle
    int actionDropDownStyle -> actionDropDownStyle
    int actionLayout -> actionLayout
    int actionMenuTextAppearance -> actionMenuTextAppearance
    int actionMenuTextColor -> actionMenuTextColor
    int actionModeBackground -> actionModeBackground
    int actionModeCloseButtonStyle -> actionModeCloseButtonStyle
    int actionModeCloseDrawable -> actionModeCloseDrawable
    int actionModeCopyDrawable -> actionModeCopyDrawable
    int actionModeCutDrawable -> actionModeCutDrawable
    int actionModeFindDrawable -> actionModeFindDrawable
    int actionModePasteDrawable -> actionModePasteDrawable
    int actionModePopupWindowStyle -> actionModePopupWindowStyle
    int actionModeSelectAllDrawable -> actionModeSelectAllDrawable
    int actionModeShareDrawable -> actionModeShareDrawable
...
com.google.android.gms.ads.internal.zzr -> com.google.android.gms.ads.internal.zzr:
    com.google.android.gms.ads.internal.zzq zzti -> zzti
    void <init>(com.google.android.gms.ads.internal.zzq) -> <init>
    void run() -> run
com.google.android.gms.ads.internal.zzs -> com.google.android.gms.ads.internal.zzs:
    com.google.android.gms.internal.zznq zztj -> zztj
    com.google.android.gms.ads.internal.zzq zzti -> zzti
    void <init>(com.google.android.gms.ads.internal.zzq,com.google.android.gms.internal.zznq) -> <init>
    void run() -> run
com.google.android.gms.ads.internal.zzt -> com.google.android.gms.ads.internal.zzt:
    com.google.android.gms.internal.zzns zztk -> zztk
    com.google.android.gms.ads.internal.zzq zzti -> zzti
    void <init>(com.google.android.gms.ads.internal.zzq,com.google.android.gms.internal.zzns) -> <init>
    void run() -> run
com.google.android.gms.ads.internal.zzu -> com.google.android.gms.ads.internal.zzu:
    com.google.android.gms.internal.zzpj zztl -> zztl
    com.google.android.gms.ads.internal.zzq zzti -> zzti
    void <init>(com.google.android.gms.ads.internal.zzq,com.google.android.gms.internal.zzpj) -> <init>
    void run() -> run
com.google.android.gms.ads.internal.zzv -> com.google.android.gms.ads.internal.zzv:
    com.google.android.gms.internal.zzsg zztm -> zztm
    com.google.android.gms.ads.internal.overlay.zzz zztn -> zztn
    com.google.android.gms.internal.zzaeu zzto -> zzto
    com.google.android.gms.internal.zzij zztp -> zztp
    void <init>(com.google.android.gms.internal.zzsg,com.google.android.gms.ads.internal.overlay.zzz,com.google.android.gms.internal.zzaeu,com.google.android.gms.internal.zzij) -> <init>
    com.google.android.gms.ads.internal.zzv zzaQ() -> zzaQ
com.google.android.gms.ads.internal.zzw -> com.google.android.gms.ads.internal.zzw:
    boolean zztq -> zztq
    com.google.android.gms.internal.zzaet zztr -> zztr
    void <init>(com.google.android.gms.internal.zzaet) -> <init>
    void recordClick() -> recordClick
    boolean zzaR() -> zzaR
    void zzt(java.lang.String) -> zzt
com.google.android.gms.ads.internal.zzx -> com.google.android.gms.ads.internal.zzx:
    boolean zzsu -> zzsu
    java.lang.ref.WeakReference zzts -> zzts
    void <init>(android.content.Context,com.google.android.gms.internal.zziv,java.lang.String,com.google.android.gms.internal.zzuq,com.google.android.gms.internal.zzaje,com.google.android.gms.ads.internal.zzv) -> <init>
    com.google.android.gms.internal.zzaka zza(com.google.android.gms.internal.zzafg,com.google.android.gms.ads.internal.zzw,com.google.android.gms.internal.zzaet) -> a
    boolean zza(com.google.android.gms.internal.zzir) -> zza
    boolean zza(com.google.android.gms.internal.zzaff,com.google.android.gms.internal.zzaff) -> zza
    boolean zzd(com.google.android.gms.internal.zzaff,com.google.android.gms.internal.zzaff) -> zzd
    boolean zzaz() -> g
    void setManualImpressionsEnabled(boolean) -> setManualImpressionsEnabled
    void showInterstitial() -> showInterstitial
    void onGlobalLayout() -> onGlobalLayout
    void onScrollChanged() -> onScrollChanged
    void zza(com.google.android.gms.internal.zzaff,boolean) -> a
    void zzc(com.google.android.gms.internal.zzaff) -> b
    com.google.android.gms.internal.zzks getVideoController() -> getVideoController
com.google.android.gms.ads.internal.zzy -> com.google.android.gms.ads.internal.zzy:
    com.google.android.gms.ads.internal.zzx zztt -> zztt
    void <init>(com.google.android.gms.ads.internal.zzx) -> <init>
    void run() -> run
com.google.android.gms.ads.internal.zzz -> com.google.android.gms.ads.internal.zzz:
    com.google.android.gms.internal.zzaff zztu -> zztu
    java.lang.Runnable zztv -> zztv
    void <init>(com.google.android.gms.ads.internal.zzx,com.google.android.gms.internal.zzaff,java.lang.Runnable) -> <init>
    void zzaS() -> zzaS