build/outputs/mapping/release/usage.txt
android.support.design.widget.AppBarLayout:
    static final int PENDING_ACTION_NONE
    static final int PENDING_ACTION_EXPANDED
    static final int PENDING_ACTION_COLLAPSED
    static final int PENDING_ACTION_ANIMATE_ENABLED
    static final int PENDING_ACTION_FORCE
android.support.design.widget.AppBarLayout$Behavior:
    1191:1191:boolean isOffsetAnimatorRunning()
android.support.design.widget.AppBarLayout$LayoutParams:
    static final int FLAG_QUICK_RETURN
    static final int FLAG_SNAP
    static final int COLLAPSIBLE_FLAGS
android.support.design.widget.BaseTransientBottomBar:
    static final int ANIMATION_DURATION
    static final int ANIMATION_FADE_DURATION
    static final int MSG_SHOW
    static final int MSG_DISMISS
android.support.design.widget.BottomSheetBehavior:
    737:737:int getPeekHeightMin()
android.support.design.widget.BottomSheetDialog:
    44:197:protected BottomSheetDialog(android.content.Context,boolean,android.content.DialogInterface$OnCancelListener)
android.support.design.widget.CollapsingTextHelper:
    138:142:void setCollapsedTextSize(float)
    341:341:float getExpandedTextSize()
    686:686:android.content.res.ColorStateList getExpandedTextColor()
android.support.design.widget.CoordinatorLayout:
    static final java.lang.String TAG
    static final int EVENT_PRE_DRAW
    static final int EVENT_NESTED_SCROLL
    static final int EVENT_VIEW_REMOVED
android.support.design.widget.DirectedAcyclicGraph:
    185:185:int size()
android.support.design.widget.FloatingActionButton$Behavior:
    628:629:void setInternalAutoHideListener(android.support.design.widget.FloatingActionButton$OnVisibilityChangedListener)
android.support.design.widget.FloatingActionButtonImpl:
    static final long PRESSED_ANIM_DURATION
    static final long PRESSED_ANIM_DELAY
    static final int ANIM_STATE_NONE
    static final int ANIM_STATE_HIDING
    static final int ANIM_STATE_SHOWING
    static final int SHOW_HIDE_ANIM_DURATION
android.support.design.widget.ShadowDrawableWrapper:
    static final float SHADOW_MULTIPLIER
    static final float SHADOW_TOP_SCALE
    static final float SHADOW_HORIZ_SCALE
    static final float SHADOW_BOTTOM_SCALE
android.support.design.widget.SnackbarManager:
    static final int MSG_TIMEOUT
android.support.design.widget.TabLayout:
    static final int DEFAULT_GAP_TEXT_ICON
    static final int FIXED_WRAP_GUTTER_MIN
    static final int MOTION_NON_ADJACENT_OFFSET
android.support.design.widget.TextInputLayout:
    1439:1439:final boolean isHintExpanded()
android.support.graphics.drawable.AndroidResources:
    static final int styleable_VectorDrawable_alpha
    static final int styleable_VectorDrawable_autoMirrored
    static final int styleable_VectorDrawable_height
    static final int styleable_VectorDrawable_name
    static final int styleable_VectorDrawable_tint
    static final int styleable_VectorDrawable_tintMode
    static final int styleable_VectorDrawable_viewportHeight
    static final int styleable_VectorDrawable_viewportWidth
    static final int styleable_VectorDrawable_width
    static final int styleable_VectorDrawableGroup_name
    static final int styleable_VectorDrawableGroup_pivotX
    static final int styleable_VectorDrawableGroup_pivotY
    static final int styleable_VectorDrawableGroup_rotation
    static final int styleable_VectorDrawableGroup_scaleX
    static final int styleable_VectorDrawableGroup_scaleY
    static final int styleable_VectorDrawableGroup_translateX
    static final int styleable_VectorDrawableGroup_translateY
    static final int styleable_VectorDrawablePath_fillAlpha
    static final int styleable_VectorDrawablePath_fillColor
    static final int styleable_VectorDrawablePath_name
    static final int styleable_VectorDrawablePath_pathData
    static final int styleable_VectorDrawablePath_strokeAlpha
    static final int styleable_VectorDrawablePath_strokeColor
    static final int styleable_VectorDrawablePath_strokeLineCap